<?xml version="1.0" encoding="UTF-8"?>
<!-- Generated by org.testng.reporters.JUnitReportReporter -->
<testsuite hostname="AJAYK" name="main_package.Delete_all_games" tests="2" failures="0" timestamp="21 Oct 2014 08:36:16 GMT" time="122.120" errors="0">
  <testcase name="Delete_AllGames" time="32.446" classname="main_package.Delete_all_games"/>
  <testcase name="Delete_AllGames" time="89.674" classname="main_package.Delete_all_games"/>
</testsuite> <!-- main_package.Delete_all_games -->
