<?xml version="1.0" encoding="UTF-8"?>
<!-- Generated by org.testng.reporters.JUnitReportReporter -->
<testsuite hostname="AJAYK" name="main_package.testclass" tests="1" failures="0" timestamp="8 Oct 2014 14:03:39 GMT" time="0.029" errors="0">
  <testcase name="f" time="0.029" classname="main_package.testclass"/>
</testsuite> <!-- main_package.testclass -->
